  Main.cpp
M:\Windows\Uni\Semestre2022-2\Compu Grafica\Teoria\ProyectoFinal\Fossil_Land\Fossil_Land\Fossil_Land\Main.cpp(195,24): warning C4244: 'inicializando': conversión de 'double' a 'GLfloat'; posible pérdida de datos
M:\Windows\Uni\Semestre2022-2\Compu Grafica\Teoria\ProyectoFinal\Fossil_Land\Fossil_Land\Fossil_Land\Main.cpp(229,21): warning C4244: '=': conversión de 'double' a 'T'; posible pérdida de datos
          with
          [
              T=float
          ]
M:\Windows\Uni\Semestre2022-2\Compu Grafica\Teoria\ProyectoFinal\Fossil_Land\Fossil_Land\Fossil_Land\Main.cpp(230,21): warning C4244: '=': conversión de 'double' a 'T'; posible pérdida de datos
          with
          [
              T=float
          ]
M:\Windows\Uni\Semestre2022-2\Compu Grafica\Teoria\ProyectoFinal\Fossil_Land\Fossil_Land\Fossil_Land\Main.cpp(231,21): warning C4244: '=': conversión de 'double' a 'T'; posible pérdida de datos
          with
          [
              T=float
          ]
M:\Windows\Uni\Semestre2022-2\Compu Grafica\Teoria\ProyectoFinal\Fossil_Land\Fossil_Land\Fossil_Land\Main.cpp(564,11): warning C4244: '=': conversión de 'double' a 'GLfloat'; posible pérdida de datos
M:\Windows\Uni\Semestre2022-2\Compu Grafica\Teoria\ProyectoFinal\Fossil_Land\Fossil_Land\Fossil_Land\Main.cpp(565,11): warning C4244: '=': conversión de 'double' a 'GLfloat'; posible pérdida de datos
M:\Windows\Uni\Semestre2022-2\Compu Grafica\Teoria\ProyectoFinal\Fossil_Land\Fossil_Land\Fossil_Land\Main.cpp(569,18): warning C4244: 'inicializando': conversión de 'double' a 'GLfloat'; posible pérdida de datos
M:\Windows\Uni\Semestre2022-2\Compu Grafica\Teoria\ProyectoFinal\Fossil_Land\Fossil_Land\Fossil_Land\Main.cpp(570,18): warning C4244: 'inicializando': conversión de 'double' a 'GLfloat'; posible pérdida de datos
M:\Windows\Uni\Semestre2022-2\Compu Grafica\Teoria\ProyectoFinal\Fossil_Land\Fossil_Land\Fossil_Land\Main.cpp(572,10): warning C4244: '=': conversión de 'double' a 'GLfloat'; posible pérdida de datos
M:\Windows\Uni\Semestre2022-2\Compu Grafica\Teoria\ProyectoFinal\Fossil_Land\Fossil_Land\Fossil_Land\Main.cpp(573,10): warning C4244: '=': conversión de 'double' a 'GLfloat'; posible pérdida de datos
soil2-debug.lib(SOIL2.obj) : warning LNK4075: se omite '/EDITANDCONTINUE' debido a la especificación '/OPT:ICF'
LINK : warning LNK4098: la biblioteca predeterminada'MSVCRTD' entra en conflicto con otras bibliotecas; use la biblioteca /NODEFAULTLIB:biblioteca
  Generando código
  1 of 621 functions ( 0.2%) were compiled, the rest were copied from previous compilation.
    0 functions were new in current compilation
    0 functions had inline decision re-evaluated but remain unchanged
  Generación de código finalizada
soil2-debug.lib(etc1_utils.obj) : warning LNK4099: no se encontró PDB 'soil2-debug.pdb' con 'soil2-debug.lib(etc1_utils.obj)' o en 'M:\Windows\Uni\Semestre2022-2\Compu Grafica\Teoria\ProyectoFinal\Fossil_Land\Fossil_Land\Release\soil2-debug.pdb'; se vinculará el objeto sin tener en cuenta información de depuración
soil2-debug.lib(image_DXT.obj) : warning LNK4099: no se encontró PDB 'soil2-debug.pdb' con 'soil2-debug.lib(image_DXT.obj)' o en 'M:\Windows\Uni\Semestre2022-2\Compu Grafica\Teoria\ProyectoFinal\Fossil_Land\Fossil_Land\Release\soil2-debug.pdb'; se vinculará el objeto sin tener en cuenta información de depuración
soil2-debug.lib(image_helper.obj) : warning LNK4099: no se encontró PDB '' con 'soil2-debug.lib(image_helper.obj)' o en ''; se vinculará el objeto sin tener en cuenta información de depuración
soil2-debug.lib(SOIL2.obj) : warning LNK4099: no se encontró PDB 'soil2-debug.pdb' con 'soil2-debug.lib(SOIL2.obj)' o en 'M:\Windows\Uni\Semestre2022-2\Compu Grafica\Teoria\ProyectoFinal\Fossil_Land\Fossil_Land\Release\soil2-debug.pdb'; se vinculará el objeto sin tener en cuenta información de depuración
  Fossil_Land.vcxproj -> M:\Windows\Uni\Semestre2022-2\Compu Grafica\Teoria\ProyectoFinal\Fossil_Land\Fossil_Land\Release\Fossil_Land.exe
