  Main.cpp
M:\Windows\Uni\Semestre2022-2\Compu Grafica\Teoria\ProyectoFinal\Fossil_Land\Fossil_Land\Fossil_Land\Main.cpp(195,24): warning C4244: 'inicializando': conversión de 'double' a 'GLfloat'; posible pérdida de datos
M:\Windows\Uni\Semestre2022-2\Compu Grafica\Teoria\ProyectoFinal\Fossil_Land\Fossil_Land\Fossil_Land\Main.cpp(229,21): warning C4244: '=': conversión de 'double' a 'T'; posible pérdida de datos
          with
          [
              T=float
          ]
M:\Windows\Uni\Semestre2022-2\Compu Grafica\Teoria\ProyectoFinal\Fossil_Land\Fossil_Land\Fossil_Land\Main.cpp(230,21): warning C4244: '=': conversión de 'double' a 'T'; posible pérdida de datos
          with
          [
              T=float
          ]
M:\Windows\Uni\Semestre2022-2\Compu Grafica\Teoria\ProyectoFinal\Fossil_Land\Fossil_Land\Fossil_Land\Main.cpp(231,21): warning C4244: '=': conversión de 'double' a 'T'; posible pérdida de datos
          with
          [
              T=float
          ]
M:\Windows\Uni\Semestre2022-2\Compu Grafica\Teoria\ProyectoFinal\Fossil_Land\Fossil_Land\Fossil_Land\Main.cpp(564,11): warning C4244: '=': conversión de 'double' a 'GLfloat'; posible pérdida de datos
M:\Windows\Uni\Semestre2022-2\Compu Grafica\Teoria\ProyectoFinal\Fossil_Land\Fossil_Land\Fossil_Land\Main.cpp(565,11): warning C4244: '=': conversión de 'double' a 'GLfloat'; posible pérdida de datos
M:\Windows\Uni\Semestre2022-2\Compu Grafica\Teoria\ProyectoFinal\Fossil_Land\Fossil_Land\Fossil_Land\Main.cpp(569,18): warning C4244: 'inicializando': conversión de 'double' a 'GLfloat'; posible pérdida de datos
M:\Windows\Uni\Semestre2022-2\Compu Grafica\Teoria\ProyectoFinal\Fossil_Land\Fossil_Land\Fossil_Land\Main.cpp(570,18): warning C4244: 'inicializando': conversión de 'double' a 'GLfloat'; posible pérdida de datos
M:\Windows\Uni\Semestre2022-2\Compu Grafica\Teoria\ProyectoFinal\Fossil_Land\Fossil_Land\Fossil_Land\Main.cpp(572,10): warning C4244: '=': conversión de 'double' a 'GLfloat'; posible pérdida de datos
M:\Windows\Uni\Semestre2022-2\Compu Grafica\Teoria\ProyectoFinal\Fossil_Land\Fossil_Land\Fossil_Land\Main.cpp(573,10): warning C4244: '=': conversión de 'double' a 'GLfloat'; posible pérdida de datos
  Fossil_Land.vcxproj -> M:\Windows\Uni\Semestre2022-2\Compu Grafica\Teoria\ProyectoFinal\Fossil_Land\Fossil_Land\Debug\Fossil_Land.exe
